<?xml version="1.0" encoding="UTF-8"?>
<!-- Generated by org.testng.reporters.JUnitXMLReporter -->
<testsuite ignored="0" hostname="LAPTOP-PU8VKKP8" failures="2" tests="10" name="Test" time="0.072" errors="0" timestamp="2022-07-06T17:24:15 IST">
  <testcase classname="testNG.SwagLogin" name="@BeforeTest SetUpBrowser" time="-1.657108455623E9">
    <failure type="org.testng.TestNGException" message="
Parameter &amp;apos;browserName&amp;apos; is required by BeforeTest on method SetUpBrowser but has not been marked @Optional or defined
in C:\Users\JINTO\eclipse-workspace\SwagLabsPOM\SwagWithPOM.xml">
      <![CDATA[org.testng.TestNGException: 
Parameter 'browserName' is required by BeforeTest on method SetUpBrowser but has not been marked @Optional or defined
in C:\Users\JINTO\eclipse-workspace\SwagLabsPOM\SwagWithPOM.xml
... Removed 21 stack frames]]>
    </failure>
  </testcase> <!-- @BeforeTest SetUpBrowser -->
  <testcase classname="test.TestingSwag" name="@BeforeMethod setUp" time="-1.657108455655E9">
    <skipped/>
  </testcase> <!-- @BeforeMethod setUp -->
  <testcase classname="test.TestingSwag" name="@BeforeMethod setUp" time="-1.657108455663E9">
    <skipped/>
  </testcase> <!-- @BeforeMethod setUp -->
  <testcase classname="testNG.SwagLogin" name="@AfterTest tearDown" time="-1.657108455689E9">
    <skipped/>
  </testcase> <!-- @AfterTest tearDown -->
  <testcase classname="test.TestingSwag" name="loginTest" time="0.0">
    <skipped/>
  </testcase> <!-- loginTest -->
  <testcase classname="test.TestingSwag" name="tearDown" time="0.0">
    <skipped/>
  </testcase> <!-- tearDown -->
  <testcase classname="testNG.SwagLogin" name="LaunchURL" time="0.0">
    <failure type="org.testng.TestNGException" message="
Parameter &amp;apos;url&amp;apos; is required by @Test on method LaunchURL but has not been marked @Optional or defined
in C:\Users\JINTO\eclipse-workspace\SwagLabsPOM\SwagWithPOM.xml">
      <![CDATA[org.testng.TestNGException: 
Parameter 'url' is required by @Test on method LaunchURL but has not been marked @Optional or defined
in C:\Users\JINTO\eclipse-workspace\SwagLabsPOM\SwagWithPOM.xml
at java.base/java.util.ArrayList.forEach(ArrayList.java:1511)
... Removed 26 stack frames]]>
    </failure>
  </testcase> <!-- LaunchURL -->
  <testcase classname="testNG.SwagLogin" name="EnterDetails" time="0.0">
    <failure type="org.testng.TestNGException" message="
Parameter &amp;apos;username&amp;apos; is required by @Test on method EnterDetails but has not been marked @Optional or defined
in C:\Users\JINTO\eclipse-workspace\SwagLabsPOM\SwagWithPOM.xml">
      <![CDATA[org.testng.TestNGException: 
Parameter 'username' is required by @Test on method EnterDetails but has not been marked @Optional or defined
in C:\Users\JINTO\eclipse-workspace\SwagLabsPOM\SwagWithPOM.xml
at java.base/java.util.ArrayList.forEach(ArrayList.java:1511)
... Removed 26 stack frames]]>
    </failure>
  </testcase> <!-- EnterDetails -->
  <testcase classname="testNG.SwagLogin" name="BackActions" time="0.0">
    <skipped/>
  </testcase> <!-- BackActions -->
  <testcase classname="testNG.SwagLogin" name="LogOutAction" time="0.0">
    <skipped/>
  </testcase> <!-- LogOutAction -->
  <testcase classname="testNG.SwagLogin" name="Othervaliddata" time="0.0">
    <skipped/>
  </testcase> <!-- Othervaliddata -->
  <testcase classname="testNG.SwagLogin" name="Othervaliddata" time="0.0">
    <skipped/>
  </testcase> <!-- Othervaliddata -->
  <testcase classname="testNG.SwagLogin" name="Othervaliddata" time="0.0">
    <skipped/>
  </testcase> <!-- Othervaliddata -->
  <testcase classname="testNG.SwagLogin" name="ProductClick" time="0.0">
    <skipped/>
  </testcase> <!-- ProductClick -->
</testsuite> <!-- Test -->
